[debug] [2021-07-15T11:30:00.805Z] ----------------------------------------------------------------------
[debug] [2021-07-15T11:30:00.812Z] Command:       C:\Program Files\nodejs\node.exe C:\Users\SSSS\AppData\Roaming\npm\node_modules\firebase-tools\lib\bin\firebase.js emulators:start
[debug] [2021-07-15T11:30:00.815Z] CLI Version:   9.16.0
[debug] [2021-07-15T11:30:00.816Z] Platform:      win32
[debug] [2021-07-15T11:30:00.816Z] Node Version:  v14.16.0
[debug] [2021-07-15T11:30:00.818Z] Time:          Thu Jul 15 2021 17:00:00 GMT+0530 (India Standard Time)
[debug] [2021-07-15T11:30:00.819Z] ----------------------------------------------------------------------
[debug] 
[debug] [2021-07-15T11:30:01.035Z] > command requires scopes: ["email","openid","https://www.googleapis.com/auth/cloudplatformprojects.readonly","https://www.googleapis.com/auth/firebase","https://www.googleapis.com/auth/cloud-platform"]
[debug] [2021-07-15T11:30:01.035Z] > authorizing via signed-in user (srini3720@gmail.com)
[info] i  emulators: Starting emulators: functions, hosting {"metadata":{"emulator":{"name":"hub"},"message":"Starting emulators: functions, hosting"}}
[debug] [2021-07-15T11:30:01.110Z] [hub] writing locator at C:\Users\SSSS\AppData\Local\Temp\hub-clone-718d1.json
[warn] !  functions: The following emulators are not running, calls to these services from the Functions emulator will affect production: auth, firestore, database, pubsub, storage {"metadata":{"emulator":{"name":"functions"},"message":"The following emulators are not running, calls to these services from the Functions emulator will affect production: \u001b[1mauth, firestore, database, pubsub, storage\u001b[22m"}}
[info] +  functions: Using node@14 from host. {"metadata":{"emulator":{"name":"functions"},"message":"Using node@14 from host."}}
[debug] [2021-07-15T11:30:01.163Z] defaultcredentials: writing to file C:\Users\SSSS\AppData\Roaming\firebase\srini3720_gmail_com_application_default_credentials.json
[debug] [2021-07-15T11:30:01.167Z] Setting GAC to C:\Users\SSSS\AppData\Roaming\firebase\srini3720_gmail_com_application_default_credentials.json {"metadata":{"emulator":{"name":"functions"},"message":"Setting GAC to C:\\Users\\SSSS\\AppData\\Roaming\\firebase\\srini3720_gmail_com_application_default_credentials.json"}}
[debug] [2021-07-15T11:30:01.176Z] > refreshing access token with scopes: []
[debug] [2021-07-15T11:30:01.177Z] >>> HTTP REQUEST POST https://www.googleapis.com/oauth2/v3/token  
 <request body omitted>
[debug] [2021-07-15T11:30:01.375Z] <<< HTTP RESPONSE 200 {"cache-control":"no-cache, no-store, max-age=0, must-revalidate","pragma":"no-cache","expires":"Mon, 01 Jan 1990 00:00:00 GMT","date":"Thu, 15 Jul 2021 11:30:01 GMT","content-type":"application/json; charset=utf-8","vary":"X-Origin, Referer, Origin,Accept-Encoding","server":"scaffolding on HTTPServer2","x-xss-protection":"0","x-frame-options":"SAMEORIGIN","x-content-type-options":"nosniff","alt-svc":"h3=\":443\"; ma=2592000,h3-29=\":443\"; ma=2592000,h3-T051=\":443\"; ma=2592000,h3-Q050=\":443\"; ma=2592000,h3-Q046=\":443\"; ma=2592000,h3-Q043=\":443\"; ma=2592000,quic=\":443\"; ma=2592000; v=\"46,43\"","accept-ranges":"none","transfer-encoding":"chunked"}
[debug] [2021-07-15T11:30:01.401Z] >>> [apiv2][query] GET https://firebase.googleapis.com/v1beta1/projects/clone-718d1/adminSdkConfig [none]
[debug] [2021-07-15T11:30:01.995Z] <<< [apiv2][status] GET https://firebase.googleapis.com/v1beta1/projects/clone-718d1/adminSdkConfig 200
[debug] [2021-07-15T11:30:01.996Z] <<< [apiv2][body] GET https://firebase.googleapis.com/v1beta1/projects/clone-718d1/adminSdkConfig {"projectId":"clone-718d1","storageBucket":"clone-718d1.appspot.com","locationId":"us-central"}
[debug] [2021-07-15T11:30:02.028Z] >>> [apiv2][query] GET https://firebasehosting.googleapis.com/v1beta1/projects/clone-718d1/sites 
[debug] [2021-07-15T11:30:03.561Z] <<< [apiv2][status] GET https://firebasehosting.googleapis.com/v1beta1/projects/clone-718d1/sites 200
[debug] [2021-07-15T11:30:03.561Z] <<< [apiv2][body] GET https://firebasehosting.googleapis.com/v1beta1/projects/clone-718d1/sites {"sites":[{"name":"projects/676219488637/sites/clone-718d1","defaultUrl":"https://clone-718d1.web.app","appId":"1:676219488637:web:80f44b360c01297af46414","type":"DEFAULT_SITE"}]}
[debug] [2021-07-15T11:30:03.562Z] >>> [apiv2][query] GET https://firebase.googleapis.com/v1beta1/projects/clone-718d1/webApps/1:676219488637:web:80f44b360c01297af46414/config [none]
[debug] [2021-07-15T11:30:04.783Z] <<< [apiv2][status] GET https://firebase.googleapis.com/v1beta1/projects/clone-718d1/webApps/1:676219488637:web:80f44b360c01297af46414/config 200
[debug] [2021-07-15T11:30:04.783Z] <<< [apiv2][body] GET https://firebase.googleapis.com/v1beta1/projects/clone-718d1/webApps/1:676219488637:web:80f44b360c01297af46414/config {"projectId":"clone-718d1","appId":"1:676219488637:web:80f44b360c01297af46414","storageBucket":"clone-718d1.appspot.com","locationId":"us-central","apiKey":"AIzaSyDVGn92aPcgSTlUvi4DdXyiYA7QXv1qJhU","authDomain":"clone-718d1.firebaseapp.com","messagingSenderId":"676219488637","measurementId":"G-3VN1QTP522"}
[info] i  hosting: Serving hosting files from: build {"metadata":{"emulator":{"name":"hosting"},"message":"Serving hosting files from: \u001b[1mbuild\u001b[22m"}}
[info] +  hosting: Local server: http://localhost:5000 {"metadata":{"emulator":{"name":"hosting"},"message":"Local server: \u001b[4m\u001b[1mhttp://localhost:5000\u001b[22m\u001b[24m"}}
[warn] !  ui: Emulator UI unable to start on port 4000, starting on 4001 instead. {"metadata":{"emulator":{"name":"ui"},"message":"Emulator UI unable to start on port 4000, starting on 4001 instead."}}
[debug] [2021-07-15T11:30:04.960Z] Ignoring unsupported arg: auto_download {"metadata":{"emulator":{"name":"ui"},"message":"Ignoring unsupported arg: auto_download"}}
[debug] [2021-07-15T11:30:04.961Z] Ignoring unsupported arg: port {"metadata":{"emulator":{"name":"ui"},"message":"Ignoring unsupported arg: port"}}
[debug] [2021-07-15T11:30:04.961Z] Starting Emulator UI with command {"binary":"node","args":["C:\\Users\\SSSS\\.cache\\firebase\\emulators\\ui-v1.6.0\\server.bundle.js"],"optionalArgs":[],"joinArgs":false} {"metadata":{"emulator":{"name":"ui"},"message":"Starting Emulator UI with command {\"binary\":\"node\",\"args\":[\"C:\\\\Users\\\\SSSS\\\\.cache\\\\firebase\\\\emulators\\\\ui-v1.6.0\\\\server.bundle.js\"],\"optionalArgs\":[],\"joinArgs\":false}"}}
[info] i  ui: Emulator UI logging to ui-debug.log {"metadata":{"emulator":{"name":"ui"},"message":"Emulator UI logging to \u001b[1mui-debug.log\u001b[22m"}}
[debug] [2021-07-15T11:30:05.367Z] Web / API server started at localhost:4001
 {"metadata":{"emulator":{"name":"ui"},"message":"Web / API server started at localhost:4001\n"}}
[info] i  functions: Watching "E:\STUDY MATERIAL\PROGRAMMING\PROJECTS\project-3\amazon-clone\functions" for Cloud Functions... {"metadata":{"emulator":{"name":"functions"},"message":"Watching \"E:\\STUDY MATERIAL\\PROGRAMMING\\PROJECTS\\project-3\\amazon-clone\\functions\" for Cloud Functions..."}}
[debug] [2021-07-15T11:30:05.552Z] [worker-pool] addWorker(~diagnostic~) {"metadata":{"emulator":{"name":"functions"},"message":"[worker-pool] addWorker(~diagnostic~)"}}
[debug] [2021-07-15T11:30:05.552Z] [worker-pool] Adding worker with key ~diagnostic~, total=1 {"metadata":{"emulator":{"name":"functions"},"message":"[worker-pool] Adding worker with key ~diagnostic~, total=1"}}
[debug] [2021-07-15T11:30:05.553Z] [worker-pool] submitWork(triggerId=) {"metadata":{"emulator":{"name":"functions"},"message":"[worker-pool] submitWork(triggerId=)"}}
[debug] [2021-07-15T11:30:05.553Z] [worker-~diagnostic~-d045fc3b-a6f0-4772-bd90-0fa858bf450e]: Assigning socketPath: \\?\pipe\E:\STUDY MATERIAL\PROGRAMMING\PROJECTS\project-3\amazon-clone\functions\6764 {"metadata":{"emulator":{"name":"functions"},"message":"[worker-~diagnostic~-d045fc3b-a6f0-4772-bd90-0fa858bf450e]: Assigning socketPath: \\\\?\\pipe\\E:\\STUDY MATERIAL\\PROGRAMMING\\PROJECTS\\project-3\\amazon-clone\\functions\\6764"}}
[debug] [2021-07-15T11:30:05.554Z] [worker-~diagnostic~-d045fc3b-a6f0-4772-bd90-0fa858bf450e]: BUSY {"metadata":{"emulator":{"name":"functions"},"message":"[worker-~diagnostic~-d045fc3b-a6f0-4772-bd90-0fa858bf450e]: BUSY"}}
[debug] [2021-07-15T11:30:06.378Z] [runtime-status] [6764] Functions runtime initialized. {"cwd":"E:\\STUDY MATERIAL\\PROGRAMMING\\PROJECTS\\project-3\\amazon-clone\\functions","node_version":"14.16.0"} {"metadata":{"emulator":{"name":"functions"},"message":"[runtime-status] [6764] Functions runtime initialized. {\"cwd\":\"E:\\\\STUDY MATERIAL\\\\PROGRAMMING\\\\PROJECTS\\\\project-3\\\\amazon-clone\\\\functions\",\"node_version\":\"14.16.0\"}"}}
[debug] [2021-07-15T11:30:06.385Z] [runtime-status] [6764] Disabled runtime features: undefined {"metadata":{"emulator":{"name":"functions"},"message":"[runtime-status] [6764] Disabled runtime features: undefined"}}
[debug] [2021-07-15T11:30:06.395Z] [runtime-status] [6764] Resolved module firebase-admin {"declared":true,"installed":true,"version":"9.10.0","resolution":"E:\\STUDY MATERIAL\\PROGRAMMING\\PROJECTS\\project-3\\amazon-clone\\functions\\node_modules\\firebase-admin\\lib\\index.js"} {"metadata":{"emulator":{"name":"functions"},"message":"[runtime-status] [6764] Resolved module firebase-admin {\"declared\":true,\"installed\":true,\"version\":\"9.10.0\",\"resolution\":\"E:\\\\STUDY MATERIAL\\\\PROGRAMMING\\\\PROJECTS\\\\project-3\\\\amazon-clone\\\\functions\\\\node_modules\\\\firebase-admin\\\\lib\\\\index.js\"}"}}
[debug] [2021-07-15T11:30:06.401Z] [runtime-status] [6764] Resolved module firebase-functions {"declared":true,"installed":true,"version":"3.14.1","resolution":"E:\\STUDY MATERIAL\\PROGRAMMING\\PROJECTS\\project-3\\amazon-clone\\functions\\node_modules\\firebase-functions\\lib\\index.js"} {"metadata":{"emulator":{"name":"functions"},"message":"[runtime-status] [6764] Resolved module firebase-functions {\"declared\":true,\"installed\":true,\"version\":\"3.14.1\",\"resolution\":\"E:\\\\STUDY MATERIAL\\\\PROGRAMMING\\\\PROJECTS\\\\project-3\\\\amazon-clone\\\\functions\\\\node_modules\\\\firebase-functions\\\\lib\\\\index.js\"}"}}
[debug] [2021-07-15T11:30:06.404Z] [runtime-status] [6764] Resolved module firebase-functions {"declared":true,"installed":true,"version":"3.14.1","resolution":"E:\\STUDY MATERIAL\\PROGRAMMING\\PROJECTS\\project-3\\amazon-clone\\functions\\node_modules\\firebase-functions\\lib\\index.js"} {"metadata":{"emulator":{"name":"functions"},"message":"[runtime-status] [6764] Resolved module firebase-functions {\"declared\":true,\"installed\":true,\"version\":\"3.14.1\",\"resolution\":\"E:\\\\STUDY MATERIAL\\\\PROGRAMMING\\\\PROJECTS\\\\project-3\\\\amazon-clone\\\\functions\\\\node_modules\\\\firebase-functions\\\\lib\\\\index.js\"}"}}
[debug] [2021-07-15T11:30:06.410Z] [runtime-status] [6764] Outgoing network have been stubbed. [{"name":"http","status":"mocked"},{"name":"http","status":"mocked"},{"name":"https","status":"mocked"},{"name":"https","status":"mocked"},{"name":"net","status":"mocked"}] {"metadata":{"emulator":{"name":"functions"},"message":"[runtime-status] [6764] Outgoing network have been stubbed. [{\"name\":\"http\",\"status\":\"mocked\"},{\"name\":\"http\",\"status\":\"mocked\"},{\"name\":\"https\",\"status\":\"mocked\"},{\"name\":\"https\",\"status\":\"mocked\"},{\"name\":\"net\",\"status\":\"mocked\"}]"}}
[debug] [2021-07-15T11:30:06.412Z] [runtime-status] [6764] Resolved module firebase-functions {"declared":true,"installed":true,"version":"3.14.1","resolution":"E:\\STUDY MATERIAL\\PROGRAMMING\\PROJECTS\\project-3\\amazon-clone\\functions\\node_modules\\firebase-functions\\lib\\index.js"} {"metadata":{"emulator":{"name":"functions"},"message":"[runtime-status] [6764] Resolved module firebase-functions {\"declared\":true,\"installed\":true,\"version\":\"3.14.1\",\"resolution\":\"E:\\\\STUDY MATERIAL\\\\PROGRAMMING\\\\PROJECTS\\\\project-3\\\\amazon-clone\\\\functions\\\\node_modules\\\\firebase-functions\\\\lib\\\\index.js\"}"}}
[debug] [2021-07-15T11:30:06.576Z] [runtime-status] [6764] Checked functions.config() {"config":{}} {"metadata":{"emulator":{"name":"functions"},"message":"[runtime-status] [6764] Checked functions.config() {\"config\":{}}"}}
[debug] [2021-07-15T11:30:06.576Z] [runtime-status] [6764] firebase-functions has been stubbed. {"functionsResolution":{"declared":true,"installed":true,"version":"3.14.1","resolution":"E:\\STUDY MATERIAL\\PROGRAMMING\\PROJECTS\\project-3\\amazon-clone\\functions\\node_modules\\firebase-functions\\lib\\index.js"}} {"metadata":{"emulator":{"name":"functions"},"message":"[runtime-status] [6764] firebase-functions has been stubbed. {\"functionsResolution\":{\"declared\":true,\"installed\":true,\"version\":\"3.14.1\",\"resolution\":\"E:\\\\STUDY MATERIAL\\\\PROGRAMMING\\\\PROJECTS\\\\project-3\\\\amazon-clone\\\\functions\\\\node_modules\\\\firebase-functions\\\\lib\\\\index.js\"}}"}}
[debug] [2021-07-15T11:30:06.577Z] [runtime-status] [6764] Resolved module firebase-functions {"declared":true,"installed":true,"version":"3.14.1","resolution":"E:\\STUDY MATERIAL\\PROGRAMMING\\PROJECTS\\project-3\\amazon-clone\\functions\\node_modules\\firebase-functions\\lib\\index.js"} {"metadata":{"emulator":{"name":"functions"},"message":"[runtime-status] [6764] Resolved module firebase-functions {\"declared\":true,\"installed\":true,\"version\":\"3.14.1\",\"resolution\":\"E:\\\\STUDY MATERIAL\\\\PROGRAMMING\\\\PROJECTS\\\\project-3\\\\amazon-clone\\\\functions\\\\node_modules\\\\firebase-functions\\\\lib\\\\index.js\"}"}}
[debug] [2021-07-15T11:30:06.582Z] [runtime-status] [6764] Resolved module firebase-admin {"declared":true,"installed":true,"version":"9.10.0","resolution":"E:\\STUDY MATERIAL\\PROGRAMMING\\PROJECTS\\project-3\\amazon-clone\\functions\\node_modules\\firebase-admin\\lib\\index.js"} {"metadata":{"emulator":{"name":"functions"},"message":"[runtime-status] [6764] Resolved module firebase-admin {\"declared\":true,\"installed\":true,\"version\":\"9.10.0\",\"resolution\":\"E:\\\\STUDY MATERIAL\\\\PROGRAMMING\\\\PROJECTS\\\\project-3\\\\amazon-clone\\\\functions\\\\node_modules\\\\firebase-admin\\\\lib\\\\index.js\"}"}}
[debug] [2021-07-15T11:30:06.584Z] [runtime-status] [6764] Resolved module firebase-functions {"declared":true,"installed":true,"version":"3.14.1","resolution":"E:\\STUDY MATERIAL\\PROGRAMMING\\PROJECTS\\project-3\\amazon-clone\\functions\\node_modules\\firebase-functions\\lib\\index.js"} {"metadata":{"emulator":{"name":"functions"},"message":"[runtime-status] [6764] Resolved module firebase-functions {\"declared\":true,\"installed\":true,\"version\":\"3.14.1\",\"resolution\":\"E:\\\\STUDY MATERIAL\\\\PROGRAMMING\\\\PROJECTS\\\\project-3\\\\amazon-clone\\\\functions\\\\node_modules\\\\firebase-functions\\\\lib\\\\index.js\"}"}}
[debug] [2021-07-15T11:30:06.584Z] [runtime-status] [6764] firebase-admin has been stubbed. {"adminResolution":{"declared":true,"installed":true,"version":"9.10.0","resolution":"E:\\STUDY MATERIAL\\PROGRAMMING\\PROJECTS\\project-3\\amazon-clone\\functions\\node_modules\\firebase-admin\\lib\\index.js"}} {"metadata":{"emulator":{"name":"functions"},"message":"[runtime-status] [6764] firebase-admin has been stubbed. {\"adminResolution\":{\"declared\":true,\"installed\":true,\"version\":\"9.10.0\",\"resolution\":\"E:\\\\STUDY MATERIAL\\\\PROGRAMMING\\\\PROJECTS\\\\project-3\\\\amazon-clone\\\\functions\\\\node_modules\\\\firebase-admin\\\\lib\\\\index.js\"}}"}}
[info] +  functions[us-central1-api]: http function initialized (http://localhost:5001/clone-718d1/us-central1/api). {"metadata":{"emulator":{"name":"functions"},"message":"\u001b[1mhttp\u001b[22m function initialized (http://localhost:5001/clone-718d1/us-central1/api)."}}
[info] 
┌─────────────────────────────────────────────────────────────┐
│ ✔  All emulators ready! It is now safe to connect your app. │
│ i  View Emulator UI at http://localhost:4001                │
└─────────────────────────────────────────────────────────────┘

┌───────────┬────────────────┬─────────────────────────────────┐
│ Emulator  │ Host:Port      │ View in Emulator UI             │
├───────────┼────────────────┼─────────────────────────────────┤
│ Functions │ localhost:5001 │ http://localhost:4001/functions │
├───────────┼────────────────┼─────────────────────────────────┤
│ Hosting   │ localhost:5000 │ n/a                             │
└───────────┴────────────────┴─────────────────────────────────┘
  Emulator Hub running at localhost:4400
  Other reserved ports: 4500

Issues? Report them at https://github.com/firebase/firebase-tools/issues and attach the *-debug.log files.
 
[debug] [2021-07-15T11:30:07.194Z] [worker-~diagnostic~-d045fc3b-a6f0-4772-bd90-0fa858bf450e]: IDLE {"metadata":{"emulator":{"name":"functions"},"message":"[worker-~diagnostic~-d045fc3b-a6f0-4772-bd90-0fa858bf450e]: IDLE"}}
[debug] [2021-07-15T11:30:57.517Z] [work-queue] {"queueLength":1,"workRunningCount":0}
[debug] [2021-07-15T11:30:57.518Z] [work-queue] {"queueLength":0,"workRunningCount":1}
[debug] [2021-07-15T11:30:57.519Z] Accepted request POST /clone-718d1/us-central1/api/payments/create?total=5279700 --> us-central1-api
[debug] [2021-07-15T11:30:57.534Z] [worker-pool] addWorker(us-central1-api) {"metadata":{"emulator":{"name":"functions"},"message":"[worker-pool] addWorker(us-central1-api)"}}
[debug] [2021-07-15T11:30:57.535Z] [worker-pool] Adding worker with key us-central1-api, total=1 {"metadata":{"emulator":{"name":"functions"},"message":"[worker-pool] Adding worker with key us-central1-api, total=1"}}
[debug] [2021-07-15T11:30:57.535Z] [worker-pool] submitWork(triggerId=us-central1-api) {"metadata":{"emulator":{"name":"functions"},"message":"[worker-pool] submitWork(triggerId=us-central1-api)"}}
[debug] [2021-07-15T11:30:57.535Z] [worker-us-central1-api-a7b0c57f-e468-450e-83e9-66e9e26dd33c]: Assigning socketPath: \\?\pipe\E:\STUDY MATERIAL\PROGRAMMING\PROJECTS\project-3\amazon-clone\functions\4476 {"metadata":{"emulator":{"name":"functions"},"message":"[worker-us-central1-api-a7b0c57f-e468-450e-83e9-66e9e26dd33c]: Assigning socketPath: \\\\?\\pipe\\E:\\STUDY MATERIAL\\PROGRAMMING\\PROJECTS\\project-3\\amazon-clone\\functions\\4476"}}
[debug] [2021-07-15T11:30:57.535Z] [worker-us-central1-api-a7b0c57f-e468-450e-83e9-66e9e26dd33c]: BUSY {"metadata":{"emulator":{"name":"functions"},"message":"[worker-us-central1-api-a7b0c57f-e468-450e-83e9-66e9e26dd33c]: BUSY"}}
[debug] [2021-07-15T11:30:58.517Z] [runtime-status] [4476] Functions runtime initialized. {"cwd":"E:\\STUDY MATERIAL\\PROGRAMMING\\PROJECTS\\project-3\\amazon-clone\\functions","node_version":"14.16.0"} {"metadata":{"emulator":{"name":"functions"},"function":{"name":"us-central1-api"},"message":"[runtime-status] [4476] Functions runtime initialized. {\"cwd\":\"E:\\\\STUDY MATERIAL\\\\PROGRAMMING\\\\PROJECTS\\\\project-3\\\\amazon-clone\\\\functions\",\"node_version\":\"14.16.0\"}"}}
[debug] [2021-07-15T11:30:58.528Z] [runtime-status] [4476] Disabled runtime features: undefined {"metadata":{"emulator":{"name":"functions"},"function":{"name":"us-central1-api"},"message":"[runtime-status] [4476] Disabled runtime features: undefined"}}
[debug] [2021-07-15T11:30:58.535Z] [runtime-status] [4476] Resolved module firebase-admin {"declared":true,"installed":true,"version":"9.10.0","resolution":"E:\\STUDY MATERIAL\\PROGRAMMING\\PROJECTS\\project-3\\amazon-clone\\functions\\node_modules\\firebase-admin\\lib\\index.js"} {"metadata":{"emulator":{"name":"functions"},"function":{"name":"us-central1-api"},"message":"[runtime-status] [4476] Resolved module firebase-admin {\"declared\":true,\"installed\":true,\"version\":\"9.10.0\",\"resolution\":\"E:\\\\STUDY MATERIAL\\\\PROGRAMMING\\\\PROJECTS\\\\project-3\\\\amazon-clone\\\\functions\\\\node_modules\\\\firebase-admin\\\\lib\\\\index.js\"}"}}
[debug] [2021-07-15T11:30:58.544Z] [runtime-status] [4476] Resolved module firebase-functions {"declared":true,"installed":true,"version":"3.14.1","resolution":"E:\\STUDY MATERIAL\\PROGRAMMING\\PROJECTS\\project-3\\amazon-clone\\functions\\node_modules\\firebase-functions\\lib\\index.js"} {"metadata":{"emulator":{"name":"functions"},"function":{"name":"us-central1-api"},"message":"[runtime-status] [4476] Resolved module firebase-functions {\"declared\":true,\"installed\":true,\"version\":\"3.14.1\",\"resolution\":\"E:\\\\STUDY MATERIAL\\\\PROGRAMMING\\\\PROJECTS\\\\project-3\\\\amazon-clone\\\\functions\\\\node_modules\\\\firebase-functions\\\\lib\\\\index.js\"}"}}
[debug] [2021-07-15T11:30:58.549Z] [runtime-status] [4476] Resolved module firebase-functions {"declared":true,"installed":true,"version":"3.14.1","resolution":"E:\\STUDY MATERIAL\\PROGRAMMING\\PROJECTS\\project-3\\amazon-clone\\functions\\node_modules\\firebase-functions\\lib\\index.js"} {"metadata":{"emulator":{"name":"functions"},"function":{"name":"us-central1-api"},"message":"[runtime-status] [4476] Resolved module firebase-functions {\"declared\":true,\"installed\":true,\"version\":\"3.14.1\",\"resolution\":\"E:\\\\STUDY MATERIAL\\\\PROGRAMMING\\\\PROJECTS\\\\project-3\\\\amazon-clone\\\\functions\\\\node_modules\\\\firebase-functions\\\\lib\\\\index.js\"}"}}
[debug] [2021-07-15T11:30:58.553Z] [runtime-status] [4476] Outgoing network have been stubbed. [{"name":"http","status":"mocked"},{"name":"http","status":"mocked"},{"name":"https","status":"mocked"},{"name":"https","status":"mocked"},{"name":"net","status":"mocked"}] {"metadata":{"emulator":{"name":"functions"},"function":{"name":"us-central1-api"},"message":"[runtime-status] [4476] Outgoing network have been stubbed. [{\"name\":\"http\",\"status\":\"mocked\"},{\"name\":\"http\",\"status\":\"mocked\"},{\"name\":\"https\",\"status\":\"mocked\"},{\"name\":\"https\",\"status\":\"mocked\"},{\"name\":\"net\",\"status\":\"mocked\"}]"}}
[debug] [2021-07-15T11:30:58.555Z] [runtime-status] [4476] Resolved module firebase-functions {"declared":true,"installed":true,"version":"3.14.1","resolution":"E:\\STUDY MATERIAL\\PROGRAMMING\\PROJECTS\\project-3\\amazon-clone\\functions\\node_modules\\firebase-functions\\lib\\index.js"} {"metadata":{"emulator":{"name":"functions"},"function":{"name":"us-central1-api"},"message":"[runtime-status] [4476] Resolved module firebase-functions {\"declared\":true,\"installed\":true,\"version\":\"3.14.1\",\"resolution\":\"E:\\\\STUDY MATERIAL\\\\PROGRAMMING\\\\PROJECTS\\\\project-3\\\\amazon-clone\\\\functions\\\\node_modules\\\\firebase-functions\\\\lib\\\\index.js\"}"}}
[debug] [2021-07-15T11:30:58.736Z] [runtime-status] [4476] Checked functions.config() {"config":{}} {"metadata":{"emulator":{"name":"functions"},"function":{"name":"us-central1-api"},"message":"[runtime-status] [4476] Checked functions.config() {\"config\":{}}"}}
[debug] [2021-07-15T11:30:58.737Z] [runtime-status] [4476] firebase-functions has been stubbed. {"functionsResolution":{"declared":true,"installed":true,"version":"3.14.1","resolution":"E:\\STUDY MATERIAL\\PROGRAMMING\\PROJECTS\\project-3\\amazon-clone\\functions\\node_modules\\firebase-functions\\lib\\index.js"}} {"metadata":{"emulator":{"name":"functions"},"function":{"name":"us-central1-api"},"message":"[runtime-status] [4476] firebase-functions has been stubbed. {\"functionsResolution\":{\"declared\":true,\"installed\":true,\"version\":\"3.14.1\",\"resolution\":\"E:\\\\STUDY MATERIAL\\\\PROGRAMMING\\\\PROJECTS\\\\project-3\\\\amazon-clone\\\\functions\\\\node_modules\\\\firebase-functions\\\\lib\\\\index.js\"}}"}}
[debug] [2021-07-15T11:30:58.744Z] [runtime-status] [4476] Resolved module firebase-functions {"declared":true,"installed":true,"version":"3.14.1","resolution":"E:\\STUDY MATERIAL\\PROGRAMMING\\PROJECTS\\project-3\\amazon-clone\\functions\\node_modules\\firebase-functions\\lib\\index.js"} {"metadata":{"emulator":{"name":"functions"},"function":{"name":"us-central1-api"},"message":"[runtime-status] [4476] Resolved module firebase-functions {\"declared\":true,\"installed\":true,\"version\":\"3.14.1\",\"resolution\":\"E:\\\\STUDY MATERIAL\\\\PROGRAMMING\\\\PROJECTS\\\\project-3\\\\amazon-clone\\\\functions\\\\node_modules\\\\firebase-functions\\\\lib\\\\index.js\"}"}}
[debug] [2021-07-15T11:30:58.747Z] [runtime-status] [4476] Resolved module firebase-admin {"declared":true,"installed":true,"version":"9.10.0","resolution":"E:\\STUDY MATERIAL\\PROGRAMMING\\PROJECTS\\project-3\\amazon-clone\\functions\\node_modules\\firebase-admin\\lib\\index.js"} {"metadata":{"emulator":{"name":"functions"},"function":{"name":"us-central1-api"},"message":"[runtime-status] [4476] Resolved module firebase-admin {\"declared\":true,\"installed\":true,\"version\":\"9.10.0\",\"resolution\":\"E:\\\\STUDY MATERIAL\\\\PROGRAMMING\\\\PROJECTS\\\\project-3\\\\amazon-clone\\\\functions\\\\node_modules\\\\firebase-admin\\\\lib\\\\index.js\"}"}}
[debug] [2021-07-15T11:30:58.749Z] [runtime-status] [4476] Resolved module firebase-functions {"declared":true,"installed":true,"version":"3.14.1","resolution":"E:\\STUDY MATERIAL\\PROGRAMMING\\PROJECTS\\project-3\\amazon-clone\\functions\\node_modules\\firebase-functions\\lib\\index.js"} {"metadata":{"emulator":{"name":"functions"},"function":{"name":"us-central1-api"},"message":"[runtime-status] [4476] Resolved module firebase-functions {\"declared\":true,\"installed\":true,\"version\":\"3.14.1\",\"resolution\":\"E:\\\\STUDY MATERIAL\\\\PROGRAMMING\\\\PROJECTS\\\\project-3\\\\amazon-clone\\\\functions\\\\node_modules\\\\firebase-functions\\\\lib\\\\index.js\"}"}}
[debug] [2021-07-15T11:30:58.750Z] [runtime-status] [4476] firebase-admin has been stubbed. {"adminResolution":{"declared":true,"installed":true,"version":"9.10.0","resolution":"E:\\STUDY MATERIAL\\PROGRAMMING\\PROJECTS\\project-3\\amazon-clone\\functions\\node_modules\\firebase-admin\\lib\\index.js"}} {"metadata":{"emulator":{"name":"functions"},"function":{"name":"us-central1-api"},"message":"[runtime-status] [4476] firebase-admin has been stubbed. {\"adminResolution\":{\"declared\":true,\"installed\":true,\"version\":\"9.10.0\",\"resolution\":\"E:\\\\STUDY MATERIAL\\\\PROGRAMMING\\\\PROJECTS\\\\project-3\\\\amazon-clone\\\\functions\\\\node_modules\\\\firebase-admin\\\\lib\\\\index.js\"}}"}}
[debug] [2021-07-15T11:30:59.353Z] [runtime-status] [4476] Trigger "us-central1-api" has been found, beginning invocation! {"metadata":{"emulator":{"name":"functions"},"function":{"name":"us-central1-api"},"message":"[runtime-status] [4476] Trigger \"us-central1-api\" has been found, beginning invocation!"}}
[info] i  functions: Beginning execution of "us-central1-api" {"metadata":{"emulator":{"name":"functions"},"function":{"name":"us-central1-api"},"message":"Beginning execution of \"us-central1-api\""}}
[debug] [2021-07-15T11:30:59.358Z] [runtime-status] [4476] triggerDefinition {"httpsTrigger":{},"name":"api","entryPoint":"api","regions":["us-central1"],"region":"us-central1","id":"us-central1-api"} {"metadata":{"emulator":{"name":"functions"},"function":{"name":"us-central1-api"},"message":"[runtime-status] [4476] triggerDefinition {\"httpsTrigger\":{},\"name\":\"api\",\"entryPoint\":\"api\",\"regions\":[\"us-central1\"],\"region\":\"us-central1\",\"id\":\"us-central1-api\"}"}}
[debug] [2021-07-15T11:30:59.360Z] [runtime-status] [4476] Running us-central1-api in mode HTTPS {"metadata":{"emulator":{"name":"functions"},"function":{"name":"us-central1-api"},"message":"[runtime-status] [4476] Running us-central1-api in mode HTTPS"}}
[debug] [2021-07-15T11:30:59.369Z] [runtime-status] [4476] Attempting to listen to socketPath: \\?\pipe\E:\STUDY MATERIAL\PROGRAMMING\PROJECTS\project-3\amazon-clone\functions\4476 {"metadata":{"emulator":{"name":"functions"},"function":{"name":"us-central1-api"},"message":"[runtime-status] [4476] Attempting to listen to socketPath: \\\\?\\pipe\\E:\\STUDY MATERIAL\\PROGRAMMING\\PROJECTS\\project-3\\amazon-clone\\functions\\4476"}}
[debug] [2021-07-15T11:30:59.380Z] [functions] Runtime ready! Sending request! {"metadata":{"emulator":{"name":"functions"},"message":"[functions] Runtime ready! Sending request!"}}
[debug] [2021-07-15T11:30:59.382Z] [functions] Got req.url=/clone-718d1/us-central1/api/payments/create?total=5279700, mapping to path=/payments/create?total=5279700 {"metadata":{"emulator":{"name":"functions"},"message":"[functions] Got req.url=/clone-718d1/us-central1/api/payments/create?total=5279700, mapping to path=/payments/create?total=5279700"}}
[debug] [2021-07-15T11:30:59.430Z] [runtime-status] [4476] Ephemeral server handling POST request {"metadata":{"emulator":{"name":"functions"},"function":{"name":"us-central1-api"},"message":"[runtime-status] [4476] Ephemeral server handling POST request"}}
[info] >  payment reuest received yasssssss!!!!!! 5279700 {"user":"payment reuest received yasssssss!!!!!! 5279700","metadata":{"emulator":{"name":"functions"},"function":{"name":"us-central1-api"},"message":"\u001b[90m> \u001b[39m payment reuest received yasssssss!!!!!! 5279700"}}
[debug] [2021-07-15T11:30:59.474Z] [runtime-status] [4476] Ephemeral server survived. {"metadata":{"emulator":{"name":"functions"},"function":{"name":"us-central1-api"},"message":"[runtime-status] [4476] Ephemeral server survived."}}
[info] i  functions: Finished "us-central1-api" in ~1s {"metadata":{"emulator":{"name":"functions"},"function":{"name":"us-central1-api"},"message":"Finished \"us-central1-api\" in ~1s"}}
[debug] [2021-07-15T11:31:00.004Z] [worker-us-central1-api-a7b0c57f-e468-450e-83e9-66e9e26dd33c]: IDLE {"metadata":{"emulator":{"name":"functions"},"message":"[worker-us-central1-api-a7b0c57f-e468-450e-83e9-66e9e26dd33c]: IDLE"}}
[debug] [2021-07-15T11:31:00.005Z] [work-queue] {"queueLength":0,"workRunningCount":0}
[debug] [2021-07-15T11:32:37.356Z] [work-queue] {"queueLength":1,"workRunningCount":0}
[debug] [2021-07-15T11:32:37.356Z] [work-queue] {"queueLength":0,"workRunningCount":1}
[debug] [2021-07-15T11:32:37.356Z] Accepted request POST /clone-718d1/us-central1/api/payments/create?total=5289700 --> us-central1-api
[debug] [2021-07-15T11:32:37.357Z] [worker-pool] submitWork(triggerId=us-central1-api) {"metadata":{"emulator":{"name":"functions"},"message":"[worker-pool] submitWork(triggerId=us-central1-api)"}}
[debug] [2021-07-15T11:32:37.357Z] [worker-us-central1-api-a7b0c57f-e468-450e-83e9-66e9e26dd33c]: Assigning socketPath: \\?\pipe\E:\STUDY MATERIAL\PROGRAMMING\PROJECTS\project-3\amazon-clone\functions\4476 {"metadata":{"emulator":{"name":"functions"},"message":"[worker-us-central1-api-a7b0c57f-e468-450e-83e9-66e9e26dd33c]: Assigning socketPath: \\\\?\\pipe\\E:\\STUDY MATERIAL\\PROGRAMMING\\PROJECTS\\project-3\\amazon-clone\\functions\\4476"}}
[debug] [2021-07-15T11:32:37.357Z] [worker-us-central1-api-a7b0c57f-e468-450e-83e9-66e9e26dd33c]: BUSY {"metadata":{"emulator":{"name":"functions"},"message":"[worker-us-central1-api-a7b0c57f-e468-450e-83e9-66e9e26dd33c]: BUSY"}}
[debug] [2021-07-15T11:32:37.358Z] [runtime-status] [4476] Trigger "us-central1-api" has been found, beginning invocation! {"metadata":{"emulator":{"name":"functions"},"function":{"name":"us-central1-api"},"message":"[runtime-status] [4476] Trigger \"us-central1-api\" has been found, beginning invocation!"}}
[info] i  functions: Beginning execution of "us-central1-api" {"metadata":{"emulator":{"name":"functions"},"function":{"name":"us-central1-api"},"message":"Beginning execution of \"us-central1-api\""}}
[debug] [2021-07-15T11:32:37.372Z] [runtime-status] [4476] triggerDefinition {"httpsTrigger":{},"name":"api","entryPoint":"api","regions":["us-central1"],"region":"us-central1","id":"us-central1-api"} {"metadata":{"emulator":{"name":"functions"},"function":{"name":"us-central1-api"},"message":"[runtime-status] [4476] triggerDefinition {\"httpsTrigger\":{},\"name\":\"api\",\"entryPoint\":\"api\",\"regions\":[\"us-central1\"],\"region\":\"us-central1\",\"id\":\"us-central1-api\"}"}}
[debug] [2021-07-15T11:32:37.372Z] [runtime-status] [4476] Running us-central1-api in mode HTTPS {"metadata":{"emulator":{"name":"functions"},"function":{"name":"us-central1-api"},"message":"[runtime-status] [4476] Running us-central1-api in mode HTTPS"}}
[debug] [2021-07-15T11:32:37.376Z] [runtime-status] [4476] Attempting to listen to socketPath: \\?\pipe\E:\STUDY MATERIAL\PROGRAMMING\PROJECTS\project-3\amazon-clone\functions\4476 {"metadata":{"emulator":{"name":"functions"},"function":{"name":"us-central1-api"},"message":"[runtime-status] [4476] Attempting to listen to socketPath: \\\\?\\pipe\\E:\\STUDY MATERIAL\\PROGRAMMING\\PROJECTS\\project-3\\amazon-clone\\functions\\4476"}}
[debug] [2021-07-15T11:32:37.377Z] [functions] Runtime ready! Sending request! {"metadata":{"emulator":{"name":"functions"},"message":"[functions] Runtime ready! Sending request!"}}
[debug] [2021-07-15T11:32:37.379Z] [functions] Got req.url=/clone-718d1/us-central1/api/payments/create?total=5289700, mapping to path=/payments/create?total=5289700 {"metadata":{"emulator":{"name":"functions"},"message":"[functions] Got req.url=/clone-718d1/us-central1/api/payments/create?total=5289700, mapping to path=/payments/create?total=5289700"}}
[debug] [2021-07-15T11:32:37.383Z] [runtime-status] [4476] Ephemeral server handling POST request {"metadata":{"emulator":{"name":"functions"},"function":{"name":"us-central1-api"},"message":"[runtime-status] [4476] Ephemeral server handling POST request"}}
[info] >  payment reuest received yasssssss!!!!!! 5289700 {"user":"payment reuest received yasssssss!!!!!! 5289700","metadata":{"emulator":{"name":"functions"},"function":{"name":"us-central1-api"},"message":"\u001b[90m> \u001b[39m payment reuest received yasssssss!!!!!! 5289700"}}
[debug] [2021-07-15T11:32:37.388Z] [runtime-status] [4476] Ephemeral server survived. {"metadata":{"emulator":{"name":"functions"},"function":{"name":"us-central1-api"},"message":"[runtime-status] [4476] Ephemeral server survived."}}
[info] i  functions: Finished "us-central1-api" in ~1s {"metadata":{"emulator":{"name":"functions"},"function":{"name":"us-central1-api"},"message":"Finished \"us-central1-api\" in ~1s"}}
[debug] [2021-07-15T11:32:37.720Z] [worker-us-central1-api-a7b0c57f-e468-450e-83e9-66e9e26dd33c]: IDLE {"metadata":{"emulator":{"name":"functions"},"message":"[worker-us-central1-api-a7b0c57f-e468-450e-83e9-66e9e26dd33c]: IDLE"}}
[debug] [2021-07-15T11:32:37.721Z] [work-queue] {"queueLength":0,"workRunningCount":0}
[debug] [2021-07-15T11:32:52.041Z] [work-queue] {"queueLength":1,"workRunningCount":0}
[debug] [2021-07-15T11:32:52.041Z] [work-queue] {"queueLength":0,"workRunningCount":1}
[debug] [2021-07-15T11:32:52.041Z] Accepted request POST /clone-718d1/us-central1/api/payments/create?total=0 --> us-central1-api
[debug] [2021-07-15T11:32:52.042Z] [worker-pool] submitWork(triggerId=us-central1-api) {"metadata":{"emulator":{"name":"functions"},"message":"[worker-pool] submitWork(triggerId=us-central1-api)"}}
[debug] [2021-07-15T11:32:52.042Z] [worker-us-central1-api-a7b0c57f-e468-450e-83e9-66e9e26dd33c]: Assigning socketPath: \\?\pipe\E:\STUDY MATERIAL\PROGRAMMING\PROJECTS\project-3\amazon-clone\functions\4476 {"metadata":{"emulator":{"name":"functions"},"message":"[worker-us-central1-api-a7b0c57f-e468-450e-83e9-66e9e26dd33c]: Assigning socketPath: \\\\?\\pipe\\E:\\STUDY MATERIAL\\PROGRAMMING\\PROJECTS\\project-3\\amazon-clone\\functions\\4476"}}
[debug] [2021-07-15T11:32:52.044Z] [worker-us-central1-api-a7b0c57f-e468-450e-83e9-66e9e26dd33c]: BUSY {"metadata":{"emulator":{"name":"functions"},"message":"[worker-us-central1-api-a7b0c57f-e468-450e-83e9-66e9e26dd33c]: BUSY"}}
[debug] [2021-07-15T11:32:52.045Z] [runtime-status] [4476] Trigger "us-central1-api" has been found, beginning invocation! {"metadata":{"emulator":{"name":"functions"},"function":{"name":"us-central1-api"},"message":"[runtime-status] [4476] Trigger \"us-central1-api\" has been found, beginning invocation!"}}
[info] i  functions: Beginning execution of "us-central1-api" {"metadata":{"emulator":{"name":"functions"},"function":{"name":"us-central1-api"},"message":"Beginning execution of \"us-central1-api\""}}
[debug] [2021-07-15T11:32:52.047Z] [runtime-status] [4476] triggerDefinition {"httpsTrigger":{},"name":"api","entryPoint":"api","regions":["us-central1"],"region":"us-central1","id":"us-central1-api"} {"metadata":{"emulator":{"name":"functions"},"function":{"name":"us-central1-api"},"message":"[runtime-status] [4476] triggerDefinition {\"httpsTrigger\":{},\"name\":\"api\",\"entryPoint\":\"api\",\"regions\":[\"us-central1\"],\"region\":\"us-central1\",\"id\":\"us-central1-api\"}"}}
[debug] [2021-07-15T11:32:52.047Z] [runtime-status] [4476] Running us-central1-api in mode HTTPS {"metadata":{"emulator":{"name":"functions"},"function":{"name":"us-central1-api"},"message":"[runtime-status] [4476] Running us-central1-api in mode HTTPS"}}
[debug] [2021-07-15T11:32:52.047Z] [runtime-status] [4476] Attempting to listen to socketPath: \\?\pipe\E:\STUDY MATERIAL\PROGRAMMING\PROJECTS\project-3\amazon-clone\functions\4476 {"metadata":{"emulator":{"name":"functions"},"function":{"name":"us-central1-api"},"message":"[runtime-status] [4476] Attempting to listen to socketPath: \\\\?\\pipe\\E:\\STUDY MATERIAL\\PROGRAMMING\\PROJECTS\\project-3\\amazon-clone\\functions\\4476"}}
[debug] [2021-07-15T11:32:52.049Z] [functions] Runtime ready! Sending request! {"metadata":{"emulator":{"name":"functions"},"message":"[functions] Runtime ready! Sending request!"}}
[debug] [2021-07-15T11:32:52.049Z] [functions] Got req.url=/clone-718d1/us-central1/api/payments/create?total=0, mapping to path=/payments/create?total=0 {"metadata":{"emulator":{"name":"functions"},"message":"[functions] Got req.url=/clone-718d1/us-central1/api/payments/create?total=0, mapping to path=/payments/create?total=0"}}
[debug] [2021-07-15T11:32:52.052Z] [runtime-status] [4476] Ephemeral server handling POST request {"metadata":{"emulator":{"name":"functions"},"function":{"name":"us-central1-api"},"message":"[runtime-status] [4476] Ephemeral server handling POST request"}}
[info] >  payment reuest received yasssssss!!!!!! 0 {"user":"payment reuest received yasssssss!!!!!! 0","metadata":{"emulator":{"name":"functions"},"function":{"name":"us-central1-api"},"message":"\u001b[90m> \u001b[39m payment reuest received yasssssss!!!!!! 0"}}
[debug] [2021-07-15T11:32:52.055Z] [runtime-status] [4476] Ephemeral server survived. {"metadata":{"emulator":{"name":"functions"},"function":{"name":"us-central1-api"},"message":"[runtime-status] [4476] Ephemeral server survived."}}
[info] >  (node:4476) UnhandledPromiseRejectionWarning: Error: This value must be greater than or equal to 1. {"user":"(node:4476) UnhandledPromiseRejectionWarning: Error: This value must be greater than or equal to 1.","metadata":{"emulator":{"name":"functions"},"function":{"name":"us-central1-api"},"message":"\u001b[90m> \u001b[39m (node:4476) UnhandledPromiseRejectionWarning: Error: This value must be greater than or equal to 1."}}
[info] >      at Function.generate (E:\STUDY MATERIAL\PROGRAMMING\PROJECTS\project-3\amazon-clone\functions\node_modules\stripe\lib\Error.js:40:16) {"user":"    at Function.generate (E:\\STUDY MATERIAL\\PROGRAMMING\\PROJECTS\\project-3\\amazon-clone\\functions\\node_modules\\stripe\\lib\\Error.js:40:16)","metadata":{"emulator":{"name":"functions"},"function":{"name":"us-central1-api"},"message":"\u001b[90m> \u001b[39m     at Function.generate (E:\\STUDY MATERIAL\\PROGRAMMING\\PROJECTS\\project-3\\amazon-clone\\functions\\node_modules\\stripe\\lib\\Error.js:40:16)"}}
[info] >      at IncomingMessage.<anonymous> (E:\STUDY MATERIAL\PROGRAMMING\PROJECTS\project-3\amazon-clone\functions\node_modules\stripe\lib\StripeResource.js:203:33) {"user":"    at IncomingMessage.<anonymous> (E:\\STUDY MATERIAL\\PROGRAMMING\\PROJECTS\\project-3\\amazon-clone\\functions\\node_modules\\stripe\\lib\\StripeResource.js:203:33)","metadata":{"emulator":{"name":"functions"},"function":{"name":"us-central1-api"},"message":"\u001b[90m> \u001b[39m     at IncomingMessage.<anonymous> (E:\\STUDY MATERIAL\\PROGRAMMING\\PROJECTS\\project-3\\amazon-clone\\functions\\node_modules\\stripe\\lib\\StripeResource.js:203:33)"}}
[info] >      at Object.onceWrapper (events.js:421:28) {"user":"    at Object.onceWrapper (events.js:421:28)","metadata":{"emulator":{"name":"functions"},"function":{"name":"us-central1-api"},"message":"\u001b[90m> \u001b[39m     at Object.onceWrapper (events.js:421:28)"}}
[info] >      at IncomingMessage.emit (events.js:327:22) {"user":"    at IncomingMessage.emit (events.js:327:22)","metadata":{"emulator":{"name":"functions"},"function":{"name":"us-central1-api"},"message":"\u001b[90m> \u001b[39m     at IncomingMessage.emit (events.js:327:22)"}}
[info] >      at endReadableNT (internal/streams/readable.js:1327:12) {"user":"    at endReadableNT (internal/streams/readable.js:1327:12)","metadata":{"emulator":{"name":"functions"},"function":{"name":"us-central1-api"},"message":"\u001b[90m> \u001b[39m     at endReadableNT (internal/streams/readable.js:1327:12)"}}
[info] >      at processTicksAndRejections (internal/process/task_queues.js:80:21) {"user":"    at processTicksAndRejections (internal/process/task_queues.js:80:21)","metadata":{"emulator":{"name":"functions"},"function":{"name":"us-central1-api"},"message":"\u001b[90m> \u001b[39m     at processTicksAndRejections (internal/process/task_queues.js:80:21)"}}
[info] >  (Use `node --trace-warnings ...` to show where the warning was created) {"user":"(Use `node --trace-warnings ...` to show where the warning was created)","metadata":{"emulator":{"name":"functions"},"function":{"name":"us-central1-api"},"message":"\u001b[90m> \u001b[39m (Use `node --trace-warnings ...` to show where the warning was created)"}}
[info] >  (node:4476) UnhandledPromiseRejectionWarning: Unhandled promise rejection. This error originated either by throwing inside of an async function without a catch block, or by rejecting a promise which was not handled with .catch(). To terminate the node process on unhandled promise rejection, use the CLI flag `--unhandled-rejections=strict` (see https://nodejs.org/api/cli.html#cli_unhandled_rejections_mode). (rejection id: 1) {"user":"(node:4476) UnhandledPromiseRejectionWarning: Unhandled promise rejection. This error originated either by throwing inside of an async function without a catch block, or by rejecting a promise which was not handled with .catch(). To terminate the node process on unhandled promise rejection, use the CLI flag `--unhandled-rejections=strict` (see https://nodejs.org/api/cli.html#cli_unhandled_rejections_mode). (rejection id: 1)","metadata":{"emulator":{"name":"functions"},"function":{"name":"us-central1-api"},"message":"\u001b[90m> \u001b[39m (node:4476) UnhandledPromiseRejectionWarning: Unhandled promise rejection. This error originated either by throwing inside of an async function without a catch block, or by rejecting a promise which was not handled with .catch(). To terminate the node process on unhandled promise rejection, use the CLI flag `--unhandled-rejections=strict` (see https://nodejs.org/api/cli.html#cli_unhandled_rejections_mode). (rejection id: 1)"}}
[info] >  (node:4476) [DEP0018] DeprecationWarning: Unhandled promise rejections are deprecated. In the future, promise rejections that are not handled will terminate the Node.js process with a non-zero exit code. {"user":"(node:4476) [DEP0018] DeprecationWarning: Unhandled promise rejections are deprecated. In the future, promise rejections that are not handled will terminate the Node.js process with a non-zero exit code.","metadata":{"emulator":{"name":"functions"},"function":{"name":"us-central1-api"},"message":"\u001b[90m> \u001b[39m (node:4476) [DEP0018] DeprecationWarning: Unhandled promise rejections are deprecated. In the future, promise rejections that are not handled will terminate the Node.js process with a non-zero exit code."}}
[debug] [2021-07-15T11:33:44.935Z] [work-queue] {"queueLength":1,"workRunningCount":1}
[debug] [2021-07-15T11:33:44.935Z] [work-queue] {"queueLength":0,"workRunningCount":2}
[debug] [2021-07-15T11:33:44.936Z] Accepted request POST /clone-718d1/us-central1/api/payments/create?total=0 --> us-central1-api
[debug] [2021-07-15T11:33:44.949Z] [worker-pool] addWorker(us-central1-api) {"metadata":{"emulator":{"name":"functions"},"message":"[worker-pool] addWorker(us-central1-api)"}}
[debug] [2021-07-15T11:33:44.949Z] [worker-pool] Adding worker with key us-central1-api, total=2 {"metadata":{"emulator":{"name":"functions"},"message":"[worker-pool] Adding worker with key us-central1-api, total=2"}}
[debug] [2021-07-15T11:33:44.949Z] [worker-pool] submitWork(triggerId=us-central1-api) {"metadata":{"emulator":{"name":"functions"},"message":"[worker-pool] submitWork(triggerId=us-central1-api)"}}
[debug] [2021-07-15T11:33:44.950Z] [worker-us-central1-api-2a4974eb-fb88-4fea-a19b-49a9e2687039]: Assigning socketPath: \\?\pipe\E:\STUDY MATERIAL\PROGRAMMING\PROJECTS\project-3\amazon-clone\functions\1044 {"metadata":{"emulator":{"name":"functions"},"message":"[worker-us-central1-api-2a4974eb-fb88-4fea-a19b-49a9e2687039]: Assigning socketPath: \\\\?\\pipe\\E:\\STUDY MATERIAL\\PROGRAMMING\\PROJECTS\\project-3\\amazon-clone\\functions\\1044"}}
[debug] [2021-07-15T11:33:44.950Z] [worker-us-central1-api-2a4974eb-fb88-4fea-a19b-49a9e2687039]: BUSY {"metadata":{"emulator":{"name":"functions"},"message":"[worker-us-central1-api-2a4974eb-fb88-4fea-a19b-49a9e2687039]: BUSY"}}
[debug] [2021-07-15T11:33:45.746Z] [runtime-status] [1044] Functions runtime initialized. {"cwd":"E:\\STUDY MATERIAL\\PROGRAMMING\\PROJECTS\\project-3\\amazon-clone\\functions","node_version":"14.16.0"} {"metadata":{"emulator":{"name":"functions"},"function":{"name":"us-central1-api"},"message":"[runtime-status] [1044] Functions runtime initialized. {\"cwd\":\"E:\\\\STUDY MATERIAL\\\\PROGRAMMING\\\\PROJECTS\\\\project-3\\\\amazon-clone\\\\functions\",\"node_version\":\"14.16.0\"}"}}
[debug] [2021-07-15T11:33:45.752Z] [runtime-status] [1044] Disabled runtime features: undefined {"metadata":{"emulator":{"name":"functions"},"function":{"name":"us-central1-api"},"message":"[runtime-status] [1044] Disabled runtime features: undefined"}}
[debug] [2021-07-15T11:33:45.763Z] [runtime-status] [1044] Resolved module firebase-admin {"declared":true,"installed":true,"version":"9.10.0","resolution":"E:\\STUDY MATERIAL\\PROGRAMMING\\PROJECTS\\project-3\\amazon-clone\\functions\\node_modules\\firebase-admin\\lib\\index.js"} {"metadata":{"emulator":{"name":"functions"},"function":{"name":"us-central1-api"},"message":"[runtime-status] [1044] Resolved module firebase-admin {\"declared\":true,\"installed\":true,\"version\":\"9.10.0\",\"resolution\":\"E:\\\\STUDY MATERIAL\\\\PROGRAMMING\\\\PROJECTS\\\\project-3\\\\amazon-clone\\\\functions\\\\node_modules\\\\firebase-admin\\\\lib\\\\index.js\"}"}}
[debug] [2021-07-15T11:33:45.766Z] [runtime-status] [1044] Resolved module firebase-functions {"declared":true,"installed":true,"version":"3.14.1","resolution":"E:\\STUDY MATERIAL\\PROGRAMMING\\PROJECTS\\project-3\\amazon-clone\\functions\\node_modules\\firebase-functions\\lib\\index.js"} {"metadata":{"emulator":{"name":"functions"},"function":{"name":"us-central1-api"},"message":"[runtime-status] [1044] Resolved module firebase-functions {\"declared\":true,\"installed\":true,\"version\":\"3.14.1\",\"resolution\":\"E:\\\\STUDY MATERIAL\\\\PROGRAMMING\\\\PROJECTS\\\\project-3\\\\amazon-clone\\\\functions\\\\node_modules\\\\firebase-functions\\\\lib\\\\index.js\"}"}}
[debug] [2021-07-15T11:33:45.771Z] [runtime-status] [1044] Resolved module firebase-functions {"declared":true,"installed":true,"version":"3.14.1","resolution":"E:\\STUDY MATERIAL\\PROGRAMMING\\PROJECTS\\project-3\\amazon-clone\\functions\\node_modules\\firebase-functions\\lib\\index.js"} {"metadata":{"emulator":{"name":"functions"},"function":{"name":"us-central1-api"},"message":"[runtime-status] [1044] Resolved module firebase-functions {\"declared\":true,\"installed\":true,\"version\":\"3.14.1\",\"resolution\":\"E:\\\\STUDY MATERIAL\\\\PROGRAMMING\\\\PROJECTS\\\\project-3\\\\amazon-clone\\\\functions\\\\node_modules\\\\firebase-functions\\\\lib\\\\index.js\"}"}}
[debug] [2021-07-15T11:33:45.778Z] [runtime-status] [1044] Outgoing network have been stubbed. [{"name":"http","status":"mocked"},{"name":"http","status":"mocked"},{"name":"https","status":"mocked"},{"name":"https","status":"mocked"},{"name":"net","status":"mocked"}] {"metadata":{"emulator":{"name":"functions"},"function":{"name":"us-central1-api"},"message":"[runtime-status] [1044] Outgoing network have been stubbed. [{\"name\":\"http\",\"status\":\"mocked\"},{\"name\":\"http\",\"status\":\"mocked\"},{\"name\":\"https\",\"status\":\"mocked\"},{\"name\":\"https\",\"status\":\"mocked\"},{\"name\":\"net\",\"status\":\"mocked\"}]"}}
[debug] [2021-07-15T11:33:45.779Z] [runtime-status] [1044] Resolved module firebase-functions {"declared":true,"installed":true,"version":"3.14.1","resolution":"E:\\STUDY MATERIAL\\PROGRAMMING\\PROJECTS\\project-3\\amazon-clone\\functions\\node_modules\\firebase-functions\\lib\\index.js"} {"metadata":{"emulator":{"name":"functions"},"function":{"name":"us-central1-api"},"message":"[runtime-status] [1044] Resolved module firebase-functions {\"declared\":true,\"installed\":true,\"version\":\"3.14.1\",\"resolution\":\"E:\\\\STUDY MATERIAL\\\\PROGRAMMING\\\\PROJECTS\\\\project-3\\\\amazon-clone\\\\functions\\\\node_modules\\\\firebase-functions\\\\lib\\\\index.js\"}"}}
[debug] [2021-07-15T11:33:45.934Z] [runtime-status] [1044] Checked functions.config() {"config":{}} {"metadata":{"emulator":{"name":"functions"},"function":{"name":"us-central1-api"},"message":"[runtime-status] [1044] Checked functions.config() {\"config\":{}}"}}
[debug] [2021-07-15T11:33:45.935Z] [runtime-status] [1044] firebase-functions has been stubbed. {"functionsResolution":{"declared":true,"installed":true,"version":"3.14.1","resolution":"E:\\STUDY MATERIAL\\PROGRAMMING\\PROJECTS\\project-3\\amazon-clone\\functions\\node_modules\\firebase-functions\\lib\\index.js"}} {"metadata":{"emulator":{"name":"functions"},"function":{"name":"us-central1-api"},"message":"[runtime-status] [1044] firebase-functions has been stubbed. {\"functionsResolution\":{\"declared\":true,\"installed\":true,\"version\":\"3.14.1\",\"resolution\":\"E:\\\\STUDY MATERIAL\\\\PROGRAMMING\\\\PROJECTS\\\\project-3\\\\amazon-clone\\\\functions\\\\node_modules\\\\firebase-functions\\\\lib\\\\index.js\"}}"}}
[debug] [2021-07-15T11:33:45.938Z] [runtime-status] [1044] Resolved module firebase-functions {"declared":true,"installed":true,"version":"3.14.1","resolution":"E:\\STUDY MATERIAL\\PROGRAMMING\\PROJECTS\\project-3\\amazon-clone\\functions\\node_modules\\firebase-functions\\lib\\index.js"} {"metadata":{"emulator":{"name":"functions"},"function":{"name":"us-central1-api"},"message":"[runtime-status] [1044] Resolved module firebase-functions {\"declared\":true,\"installed\":true,\"version\":\"3.14.1\",\"resolution\":\"E:\\\\STUDY MATERIAL\\\\PROGRAMMING\\\\PROJECTS\\\\project-3\\\\amazon-clone\\\\functions\\\\node_modules\\\\firebase-functions\\\\lib\\\\index.js\"}"}}
[debug] [2021-07-15T11:33:45.944Z] [runtime-status] [1044] Resolved module firebase-admin {"declared":true,"installed":true,"version":"9.10.0","resolution":"E:\\STUDY MATERIAL\\PROGRAMMING\\PROJECTS\\project-3\\amazon-clone\\functions\\node_modules\\firebase-admin\\lib\\index.js"} {"metadata":{"emulator":{"name":"functions"},"function":{"name":"us-central1-api"},"message":"[runtime-status] [1044] Resolved module firebase-admin {\"declared\":true,\"installed\":true,\"version\":\"9.10.0\",\"resolution\":\"E:\\\\STUDY MATERIAL\\\\PROGRAMMING\\\\PROJECTS\\\\project-3\\\\amazon-clone\\\\functions\\\\node_modules\\\\firebase-admin\\\\lib\\\\index.js\"}"}}
[debug] [2021-07-15T11:33:45.945Z] [runtime-status] [1044] Resolved module firebase-functions {"declared":true,"installed":true,"version":"3.14.1","resolution":"E:\\STUDY MATERIAL\\PROGRAMMING\\PROJECTS\\project-3\\amazon-clone\\functions\\node_modules\\firebase-functions\\lib\\index.js"} {"metadata":{"emulator":{"name":"functions"},"function":{"name":"us-central1-api"},"message":"[runtime-status] [1044] Resolved module firebase-functions {\"declared\":true,\"installed\":true,\"version\":\"3.14.1\",\"resolution\":\"E:\\\\STUDY MATERIAL\\\\PROGRAMMING\\\\PROJECTS\\\\project-3\\\\amazon-clone\\\\functions\\\\node_modules\\\\firebase-functions\\\\lib\\\\index.js\"}"}}
[debug] [2021-07-15T11:33:45.948Z] [runtime-status] [1044] firebase-admin has been stubbed. {"adminResolution":{"declared":true,"installed":true,"version":"9.10.0","resolution":"E:\\STUDY MATERIAL\\PROGRAMMING\\PROJECTS\\project-3\\amazon-clone\\functions\\node_modules\\firebase-admin\\lib\\index.js"}} {"metadata":{"emulator":{"name":"functions"},"function":{"name":"us-central1-api"},"message":"[runtime-status] [1044] firebase-admin has been stubbed. {\"adminResolution\":{\"declared\":true,\"installed\":true,\"version\":\"9.10.0\",\"resolution\":\"E:\\\\STUDY MATERIAL\\\\PROGRAMMING\\\\PROJECTS\\\\project-3\\\\amazon-clone\\\\functions\\\\node_modules\\\\firebase-admin\\\\lib\\\\index.js\"}}"}}
[debug] [2021-07-15T11:33:46.608Z] [runtime-status] [1044] Trigger "us-central1-api" has been found, beginning invocation! {"metadata":{"emulator":{"name":"functions"},"function":{"name":"us-central1-api"},"message":"[runtime-status] [1044] Trigger \"us-central1-api\" has been found, beginning invocation!"}}
[info] i  functions: Beginning execution of "us-central1-api" {"metadata":{"emulator":{"name":"functions"},"function":{"name":"us-central1-api"},"message":"Beginning execution of \"us-central1-api\""}}
[debug] [2021-07-15T11:33:46.610Z] [runtime-status] [1044] triggerDefinition {"httpsTrigger":{},"name":"api","entryPoint":"api","regions":["us-central1"],"region":"us-central1","id":"us-central1-api"} {"metadata":{"emulator":{"name":"functions"},"function":{"name":"us-central1-api"},"message":"[runtime-status] [1044] triggerDefinition {\"httpsTrigger\":{},\"name\":\"api\",\"entryPoint\":\"api\",\"regions\":[\"us-central1\"],\"region\":\"us-central1\",\"id\":\"us-central1-api\"}"}}
[debug] [2021-07-15T11:33:46.611Z] [runtime-status] [1044] Running us-central1-api in mode HTTPS {"metadata":{"emulator":{"name":"functions"},"function":{"name":"us-central1-api"},"message":"[runtime-status] [1044] Running us-central1-api in mode HTTPS"}}
[debug] [2021-07-15T11:33:46.629Z] [runtime-status] [1044] Attempting to listen to socketPath: \\?\pipe\E:\STUDY MATERIAL\PROGRAMMING\PROJECTS\project-3\amazon-clone\functions\1044 {"metadata":{"emulator":{"name":"functions"},"function":{"name":"us-central1-api"},"message":"[runtime-status] [1044] Attempting to listen to socketPath: \\\\?\\pipe\\E:\\STUDY MATERIAL\\PROGRAMMING\\PROJECTS\\project-3\\amazon-clone\\functions\\1044"}}
[debug] [2021-07-15T11:33:46.636Z] [functions] Runtime ready! Sending request! {"metadata":{"emulator":{"name":"functions"},"message":"[functions] Runtime ready! Sending request!"}}
[debug] [2021-07-15T11:33:46.636Z] [functions] Got req.url=/clone-718d1/us-central1/api/payments/create?total=0, mapping to path=/payments/create?total=0 {"metadata":{"emulator":{"name":"functions"},"message":"[functions] Got req.url=/clone-718d1/us-central1/api/payments/create?total=0, mapping to path=/payments/create?total=0"}}
[debug] [2021-07-15T11:33:46.683Z] [runtime-status] [1044] Ephemeral server handling POST request {"metadata":{"emulator":{"name":"functions"},"function":{"name":"us-central1-api"},"message":"[runtime-status] [1044] Ephemeral server handling POST request"}}
[info] >  payment reuest received yasssssss!!!!!! 0 {"user":"payment reuest received yasssssss!!!!!! 0","metadata":{"emulator":{"name":"functions"},"function":{"name":"us-central1-api"},"message":"\u001b[90m> \u001b[39m payment reuest received yasssssss!!!!!! 0"}}
[debug] [2021-07-15T11:33:46.717Z] [runtime-status] [1044] Ephemeral server survived. {"metadata":{"emulator":{"name":"functions"},"function":{"name":"us-central1-api"},"message":"[runtime-status] [1044] Ephemeral server survived."}}
[info] >  (node:1044) UnhandledPromiseRejectionWarning: Error: This value must be greater than or equal to 1. {"user":"(node:1044) UnhandledPromiseRejectionWarning: Error: This value must be greater than or equal to 1.","metadata":{"emulator":{"name":"functions"},"function":{"name":"us-central1-api"},"message":"\u001b[90m> \u001b[39m (node:1044) UnhandledPromiseRejectionWarning: Error: This value must be greater than or equal to 1."}}
[info] >      at Function.generate (E:\STUDY MATERIAL\PROGRAMMING\PROJECTS\project-3\amazon-clone\functions\node_modules\stripe\lib\Error.js:40:16) {"user":"    at Function.generate (E:\\STUDY MATERIAL\\PROGRAMMING\\PROJECTS\\project-3\\amazon-clone\\functions\\node_modules\\stripe\\lib\\Error.js:40:16)","metadata":{"emulator":{"name":"functions"},"function":{"name":"us-central1-api"},"message":"\u001b[90m> \u001b[39m     at Function.generate (E:\\STUDY MATERIAL\\PROGRAMMING\\PROJECTS\\project-3\\amazon-clone\\functions\\node_modules\\stripe\\lib\\Error.js:40:16)"}}
[info] >      at IncomingMessage.<anonymous> (E:\STUDY MATERIAL\PROGRAMMING\PROJECTS\project-3\amazon-clone\functions\node_modules\stripe\lib\StripeResource.js:203:33) {"user":"    at IncomingMessage.<anonymous> (E:\\STUDY MATERIAL\\PROGRAMMING\\PROJECTS\\project-3\\amazon-clone\\functions\\node_modules\\stripe\\lib\\StripeResource.js:203:33)","metadata":{"emulator":{"name":"functions"},"function":{"name":"us-central1-api"},"message":"\u001b[90m> \u001b[39m     at IncomingMessage.<anonymous> (E:\\STUDY MATERIAL\\PROGRAMMING\\PROJECTS\\project-3\\amazon-clone\\functions\\node_modules\\stripe\\lib\\StripeResource.js:203:33)"}}
[info] >      at Object.onceWrapper (events.js:421:28) {"user":"    at Object.onceWrapper (events.js:421:28)","metadata":{"emulator":{"name":"functions"},"function":{"name":"us-central1-api"},"message":"\u001b[90m> \u001b[39m     at Object.onceWrapper (events.js:421:28)"}}
[info] >      at IncomingMessage.emit (events.js:327:22) {"user":"    at IncomingMessage.emit (events.js:327:22)","metadata":{"emulator":{"name":"functions"},"function":{"name":"us-central1-api"},"message":"\u001b[90m> \u001b[39m     at IncomingMessage.emit (events.js:327:22)"}}
[info] >      at endReadableNT (internal/streams/readable.js:1327:12) {"user":"    at endReadableNT (internal/streams/readable.js:1327:12)","metadata":{"emulator":{"name":"functions"},"function":{"name":"us-central1-api"},"message":"\u001b[90m> \u001b[39m     at endReadableNT (internal/streams/readable.js:1327:12)"}}
[info] >      at processTicksAndRejections (internal/process/task_queues.js:80:21) {"user":"    at processTicksAndRejections (internal/process/task_queues.js:80:21)","metadata":{"emulator":{"name":"functions"},"function":{"name":"us-central1-api"},"message":"\u001b[90m> \u001b[39m     at processTicksAndRejections (internal/process/task_queues.js:80:21)"}}
[info] >  (Use `node --trace-warnings ...` to show where the warning was created) {"user":"(Use `node --trace-warnings ...` to show where the warning was created)","metadata":{"emulator":{"name":"functions"},"function":{"name":"us-central1-api"},"message":"\u001b[90m> \u001b[39m (Use `node --trace-warnings ...` to show where the warning was created)"}}
[info] >  (node:1044) UnhandledPromiseRejectionWarning: Unhandled promise rejection. This error originated either by throwing inside of an async function without a catch block, or by rejecting a promise which was not handled with .catch(). To terminate the node process on unhandled promise rejection, use the CLI flag `--unhandled-rejections=strict` (see https://nodejs.org/api/cli.html#cli_unhandled_rejections_mode). (rejection id: 1) {"user":"(node:1044) UnhandledPromiseRejectionWarning: Unhandled promise rejection. This error originated either by throwing inside of an async function without a catch block, or by rejecting a promise which was not handled with .catch(). To terminate the node process on unhandled promise rejection, use the CLI flag `--unhandled-rejections=strict` (see https://nodejs.org/api/cli.html#cli_unhandled_rejections_mode). (rejection id: 1)","metadata":{"emulator":{"name":"functions"},"function":{"name":"us-central1-api"},"message":"\u001b[90m> \u001b[39m (node:1044) UnhandledPromiseRejectionWarning: Unhandled promise rejection. This error originated either by throwing inside of an async function without a catch block, or by rejecting a promise which was not handled with .catch(). To terminate the node process on unhandled promise rejection, use the CLI flag `--unhandled-rejections=strict` (see https://nodejs.org/api/cli.html#cli_unhandled_rejections_mode). (rejection id: 1)"}}
[info] >  (node:1044) [DEP0018] DeprecationWarning: Unhandled promise rejections are deprecated. In the future, promise rejections that are not handled will terminate the Node.js process with a non-zero exit code. {"user":"(node:1044) [DEP0018] DeprecationWarning: Unhandled promise rejections are deprecated. In the future, promise rejections that are not handled will terminate the Node.js process with a non-zero exit code.","metadata":{"emulator":{"name":"functions"},"function":{"name":"us-central1-api"},"message":"\u001b[90m> \u001b[39m (node:1044) [DEP0018] DeprecationWarning: Unhandled promise rejections are deprecated. In the future, promise rejections that are not handled will terminate the Node.js process with a non-zero exit code."}}
[warn] !  functions: Your function timed out after ~60s. To configure this timeout, see
      https://firebase.google.com/docs/functions/manage-functions#set_timeout_and_memory_allocation. {"metadata":{"emulator":{"name":"functions"},"function":{"name":"us-central1-api"},"message":"Your function timed out after ~60s. To configure this timeout, see\n      https://firebase.google.com/docs/functions/manage-functions#set_timeout_and_memory_allocation."}}
[info] >  C:\Users\SSSS\AppData\Roaming\npm\node_modules\firebase-tools\lib\emulator\functionsEmulatorRuntime.js:651 {"user":"C:\\Users\\SSSS\\AppData\\Roaming\\npm\\node_modules\\firebase-tools\\lib\\emulator\\functionsEmulatorRuntime.js:651\r","metadata":{"emulator":{"name":"functions"},"function":{"name":"us-central1-api"},"message":"\u001b[90m> \u001b[39m C:\\Users\\SSSS\\AppData\\Roaming\\npm\\node_modules\\firebase-tools\\lib\\emulator\\functionsEmulatorRuntime.js:651\r"}}
[info] >              throw new Error("Function timed out."); {"user":"            throw new Error(\"Function timed out.\");\r","metadata":{"emulator":{"name":"functions"},"function":{"name":"us-central1-api"},"message":"\u001b[90m> \u001b[39m             throw new Error(\"Function timed out.\");\r"}}
[info] >              ^ {"user":"            ^\r","metadata":{"emulator":{"name":"functions"},"function":{"name":"us-central1-api"},"message":"\u001b[90m> \u001b[39m             ^\r"}}
[info] >   {"user":"\r","metadata":{"emulator":{"name":"functions"},"function":{"name":"us-central1-api"},"message":"\u001b[90m> \u001b[39m \r"}}
[info] >  Error: Function timed out. {"user":"Error: Function timed out.\r","metadata":{"emulator":{"name":"functions"},"function":{"name":"us-central1-api"},"message":"\u001b[90m> \u001b[39m Error: Function timed out.\r"}}
[info] >      at Timeout._onTimeout (C:\Users\SSSS\AppData\Roaming\npm\node_modules\firebase-tools\lib\emulator\functionsEmulatorRuntime.js:651:19) {"user":"    at Timeout._onTimeout (C:\\Users\\SSSS\\AppData\\Roaming\\npm\\node_modules\\firebase-tools\\lib\\emulator\\functionsEmulatorRuntime.js:651:19)\r","metadata":{"emulator":{"name":"functions"},"function":{"name":"us-central1-api"},"message":"\u001b[90m> \u001b[39m     at Timeout._onTimeout (C:\\Users\\SSSS\\AppData\\Roaming\\npm\\node_modules\\firebase-tools\\lib\\emulator\\functionsEmulatorRuntime.js:651:19)\r"}}
[info] >      at listOnTimeout (internal/timers.js:554:17) {"user":"    at listOnTimeout (internal/timers.js:554:17)\r","metadata":{"emulator":{"name":"functions"},"function":{"name":"us-central1-api"},"message":"\u001b[90m> \u001b[39m     at listOnTimeout (internal/timers.js:554:17)\r"}}
[info] >      at processTimers (internal/timers.js:497:7) {"user":"    at processTimers (internal/timers.js:497:7)\r","metadata":{"emulator":{"name":"functions"},"function":{"name":"us-central1-api"},"message":"\u001b[90m> \u001b[39m     at processTimers (internal/timers.js:497:7)\r"}}
[debug] [2021-07-15T11:33:52.094Z] [worker-us-central1-api-a7b0c57f-e468-450e-83e9-66e9e26dd33c]: exited {"metadata":{"emulator":{"name":"functions"},"message":"[worker-us-central1-api-a7b0c57f-e468-450e-83e9-66e9e26dd33c]: exited"}}
[debug] [2021-07-15T11:33:52.094Z] [worker-us-central1-api-a7b0c57f-e468-450e-83e9-66e9e26dd33c]: FINISHED {"metadata":{"emulator":{"name":"functions"},"message":"[worker-us-central1-api-a7b0c57f-e468-450e-83e9-66e9e26dd33c]: FINISHED"}}
[debug] [2021-07-15T11:33:52.095Z] [work-queue] {"queueLength":0,"workRunningCount":1}
[debug] [2021-07-15T11:34:02.214Z] Received signal SIGINT (Ctrl-C) 1
[info]  
[info] i  emulators: Received SIGINT (Ctrl-C) for the first time. Starting a clean shutdown. 
[info] i  emulators: Please wait for a clean shutdown or send the SIGINT (Ctrl-C) signal again to stop right now. 
[info] i  emulators: Shutting down emulators. {"metadata":{"emulator":{"name":"hub"},"message":"Shutting down emulators."}}
[info] i  ui: Stopping Emulator UI {"metadata":{"emulator":{"name":"ui"},"message":"Stopping Emulator UI"}}
[warn] !  Emulator UI has exited upon receiving signal: SIGINT 
[info] i  functions: Stopping Functions Emulator {"metadata":{"emulator":{"name":"functions"},"message":"Stopping Functions Emulator"}}
[info] i  functions: Waiting for all functions to finish... {"metadata":{"emulator":{"name":"functions"},"message":"Waiting for all functions to finish..."}}
